<?xml version="1.0" encoding="UTF-8"?>
<testsuite xmlns:xsi="http://www.w3.org/2001/XMLSchema-instance" xsi:noNamespaceSchemaLocation="https://maven.apache.org/surefire/maven-surefire-plugin/xsd/surefire-test-report-3.0.xsd" version="3.0" name="com.ego.ethicai.BackendApplicationTests" time="3.902" tests="1" errors="0" skipped="0" failures="0">
  <properties>
[...]
</properties>
  <testcase name="contextLoads" classname="com.ego.ethicai.BackendApplicationTests" time="0.312">
    <system-out><![CDATA[11:36:51.804 [main] INFO org.springframework.test.context.support.AnnotationConfigContextLoaderUtils -- Could not detect default configuration classes for test class [com.ego.ethicai.BackendApplicationTests]: BackendApplicationTests does not declare any static, non-private, non-final, nested classes annotated with @Configuration.
11:36:51.867 [main] INFO org.springframework.boot.test.context.SpringBootTestContextBootstrapper -- Found @SpringBootConfiguration com.ego.ethicai.BackendApplication for test class com.ego.ethicai.BackendApplicationTests

  .   ____          _            __ _ _
 /\\ / ___'_ __ _ _(_)_ __  __ _ \ \ \ \
( ( )\___ | '_ | '_| | '_ \/ _` | \ \ \ \
 \\/  ___)| |_)| | | | | || (_| |  ) ) ) )
  '  |____| .__|_| |_|_| |_\__, | / / / /
 =========|_|==============|___/=/_/_/_/
 :: Spring Boot ::                (v3.2.3)

2025-09-12T11:36:52.084+02:00  INFO 90767 --- [backend] [           main] c.ego.ethicai.BackendApplicationTests    : Starting BackendApplicationTests using Java 17.0.16 with PID 90767 (started by laurenolson in /Users/laurenolson/Documents/phd/EVA/backend)
2025-09-12T11:36:52.087+02:00 DEBUG 90767 --- [backend] [           main] c.ego.ethicai.BackendApplicationTests    : Running with Spring Boot v3.2.3, Spring v6.1.4
2025-09-12T11:36:52.087+02:00  INFO 90767 --- [backend] [           main] c.ego.ethicai.BackendApplicationTests    : No active profile set, falling back to 1 default profile: "default"
2025-09-12T11:36:52.501+02:00  INFO 90767 --- [backend] [           main] .s.d.r.c.RepositoryConfigurationDelegate : Bootstrapping Spring Data JPA repositories in DEFAULT mode.
2025-09-12T11:36:52.597+02:00  INFO 90767 --- [backend] [           main] .s.d.r.c.RepositoryConfigurationDelegate : Finished Spring Data repository scanning in 91 ms. Found 10 JPA repository interfaces.
2025-09-12T11:36:52.973+02:00  INFO 90767 --- [backend] [           main] o.f.c.internal.license.VersionPrinter    : Flyway Community Edition 9.22.3 by Redgate
2025-09-12T11:36:52.973+02:00  INFO 90767 --- [backend] [           main] o.f.c.internal.license.VersionPrinter    : See release notes here: https://rd.gt/416ObMi
2025-09-12T11:36:52.973+02:00  INFO 90767 --- [backend] [           main] o.f.c.internal.license.VersionPrinter    : 
2025-09-12T11:36:52.986+02:00  INFO 90767 --- [backend] [           main] org.flywaydb.core.FlywayExecutor         : Database: jdbc:postgresql://localhost:5432/ethicai_dev (PostgreSQL 14.19)
2025-09-12T11:36:53.025+02:00  INFO 90767 --- [backend] [           main] o.f.core.internal.command.DbMigrate      : Current version of schema "public": 20
2025-09-12T11:36:53.025+02:00  WARN 90767 --- [backend] [           main] o.f.core.internal.command.DbMigrate      : outOfOrder mode is active. Migration of schema "public" may not be reproducible.
2025-09-12T11:36:53.027+02:00  INFO 90767 --- [backend] [           main] o.f.core.internal.command.DbMigrate      : Schema "public" is up to date. No migration necessary.
2025-09-12T11:36:53.243+02:00  INFO 90767 --- [backend] [           main] o.s.o.j.p.SpringPersistenceUnitInfo      : No LoadTimeWeaver setup: ignoring JPA class transformer
2025-09-12T11:36:53.295+02:00  WARN 90767 --- [backend] [           main] org.hibernate.orm.deprecation            : HHH90000025: PostgreSQLDialect does not need to be specified explicitly using 'hibernate.dialect' (remove the property setting and it will be selected by default)
2025-09-12T11:36:54.010+02:00  INFO 90767 --- [backend] [           main] j.LocalContainerEntityManagerFactoryBean : Initialized JPA EntityManagerFactory for persistence unit 'default'
2025-09-12T11:36:54.036+02:00  INFO 90767 --- [backend] [           main] c.ego.ethicai.client.AgentServiceClient  : Initialized AgentServiceClient with URL: null
2025-09-12T11:36:54.336+02:00  INFO 90767 --- [backend] [           main] o.s.d.j.r.query.QueryEnhancerFactory     : Hibernate is in classpath; If applicable, HQL parser will be used.
2025-09-12T11:36:54.583+02:00  INFO 90767 --- [backend] [           main] c.e.ethicai.service.Impl.AIServiceImpl   : AIServiceImpl initialized with AgentServiceClient
2025-09-12T11:36:54.862+02:00  INFO 90767 --- [backend] [           main] com.ego.ethicai.config.SecurityConfig    : Configured CORS with allowed origins: [http://localhost:5173, http://188.245.65.196:5173]
2025-09-12T11:36:54.981+02:00  INFO 90767 --- [backend] [           main] com.ego.ethicai.config.SecurityConfig    : Security configuration loaded with practice-score endpoints permitted
2025-09-12T11:36:55.024+02:00  INFO 90767 --- [backend] [           main] o.s.s.web.DefaultSecurityFilterChain     : Will secure any request with [org.springframework.security.web.session.DisableEncodeUrlFilter@30769e7a, org.springframework.security.web.context.request.async.WebAsyncManagerIntegrationFilter@14021c10, org.springframework.security.web.context.SecurityContextHolderFilter@4a9e6ea7, org.springframework.security.web.header.HeaderWriterFilter@5634c26c, org.springframework.web.filter.CorsFilter@7dd4f726, org.springframework.security.web.authentication.logout.LogoutFilter@2cf7860e, org.springframework.security.oauth2.client.web.OAuth2AuthorizationRequestRedirectFilter@12c66345, org.springframework.security.oauth2.client.web.OAuth2LoginAuthenticationFilter@2a71d430, com.ego.ethicai.security.jwt.JwtRequestFilter@27563444, org.springframework.security.web.savedrequest.RequestCacheAwareFilter@5aaecd25, org.springframework.security.web.servletapi.SecurityContextHolderAwareRequestFilter@239fdf8f, org.springframework.security.web.authentication.AnonymousAuthenticationFilter@bf6de66, org.springframework.security.web.session.SessionManagementFilter@5d4f0fd5, org.springframework.security.web.access.ExceptionTranslationFilter@bec2d81, org.springframework.security.web.access.intercept.AuthorizationFilter@d332ebc]
2025-09-12T11:36:55.289+02:00  INFO 90767 --- [backend] [           main] c.ego.ethicai.BackendApplicationTests    : Started BackendApplicationTests in 3.344 seconds (process running for 3.85)
]]></system-out>
  </testcase>
</testsuite>